build/app/intermediates/manifest_merge_blame_file/debug/manifest-merger-blame-debug-report.txt
1<?xml version="1.0" encoding="utf-8"?>
2<manifest xmlns:android="http://schemas.android.com/apk/res/android"
3    package="com.example.fahisapp"
4    android:versionCode="1"
5    android:versionName="1.0.0" >
6
7    <uses-sdk
8        android:minSdkVersion="21"
9        android:targetSdkVersion="33" />
10    <!--
11         The INTERNET permission is required for development. Specifically,
12         the Flutter tool needs it to communicate with the running application
13         to allow setting breakpoints, to provide hot reload, etc.
14    -->
15    <uses-permission android:name="android.permission.INTERNET" />
15-->src\debug\AndroidManifest.xml:6:5-66
15-->src\debug\AndroidManifest.xml:6:22-64
16    <uses-permission android:name="android.permission.WAKE_LOCK" />
16-->[:firebase_messaging] AndroidManifest.xml:10:5-68
16-->[:firebase_messaging] AndroidManifest.xml:10:22-65
17    <uses-permission android:name="android.permission.ACCESS_NETWORK_STATE" /> <!-- Permissions options for the `notification` group -->
17-->[:firebase_messaging] AndroidManifest.xml:11:5-79
17-->[:firebase_messaging] AndroidManifest.xml:11:22-76
18    <uses-permission android:name="android.permission.POST_NOTIFICATIONS" />
18-->[:firebase_messaging] AndroidManifest.xml:13:5-77
18-->[:firebase_messaging] AndroidManifest.xml:13:22-74
19    <uses-permission android:name="android.permission.RECEIVE_BOOT_COMPLETED" />
19-->[:flutter_local_notifications] AndroidManifest.xml:9:5-81
19-->[:flutter_local_notifications] AndroidManifest.xml:9:22-78
20    <uses-permission android:name="android.permission.VIBRATE" />
20-->[:flutter_local_notifications] AndroidManifest.xml:10:5-66
20-->[:flutter_local_notifications] AndroidManifest.xml:10:22-63
21    <uses-permission android:name="android.permission.USE_FULL_SCREEN_INTENT" />
21-->[:flutter_local_notifications] AndroidManifest.xml:11:5-81
21-->[:flutter_local_notifications] AndroidManifest.xml:11:22-78
22    <uses-permission android:name="android.permission.SCHEDULE_EXACT_ALARM" /> <!-- Required by older versions of Google Play services to create IID tokens -->
22-->[:flutter_local_notifications] AndroidManifest.xml:12:5-79
22-->[:flutter_local_notifications] AndroidManifest.xml:12:22-76
23    <uses-permission android:name="com.google.android.c2dm.permission.RECEIVE" />
23-->[com.google.firebase:firebase-iid:21.1.0] AndroidManifest.xml:26:5-82
23-->[com.google.firebase:firebase-iid:21.1.0] AndroidManifest.xml:26:22-79
24
25    <application
26        android:name="android.app.Application"
27        android:appComponentFactory="androidx.core.app.CoreComponentFactory"
27-->[androidx.core:core:1.6.0] AndroidManifest.xml:24:18-86
28        android:debuggable="true"
29        android:icon="@mipmap/ic_launcher"
30        android:label="Fahis" >
31        <activity
32            android:name="com.example.fahisapp.MainActivity"
33            android:configChanges="orientation|keyboardHidden|keyboard|screenSize|smallestScreenSize|locale|layoutDirection|fontScale|screenLayout|density|uiMode"
34            android:exported="true"
35            android:hardwareAccelerated="true"
36            android:launchMode="singleTop"
37            android:theme="@style/LaunchTheme"
38            android:windowSoftInputMode="adjustResize" >
39
40            <!--
41                 Specifies an Android theme to apply to this Activity as soon as
42                 the Android process has started. This theme is visible to the user
43                 while the Flutter UI initializes. After that, this theme continues
44                 to determine the Window background behind the Flutter UI.
45            -->
46            <meta-data
47                android:name="io.flutter.embedding.android.NormalTheme"
48                android:resource="@style/NormalTheme" />
49
50            <intent-filter>
51                <action android:name="android.intent.action.MAIN" />
52
53                <category android:name="android.intent.category.LAUNCHER" />
54            </intent-filter>
55        </activity>
56        <!--
57             Don't delete the meta-data below.
58             This is used by the Flutter tool to generate GeneratedPluginRegistrant.java
59        -->
60        <meta-data
61            android:name="flutterEmbedding"
62            android:value="2" />
63
64        <service
64-->[:firebase_auth] AndroidManifest.xml:10:9-14:19
65            android:name="com.google.firebase.components.ComponentDiscoveryService"
65-->[:firebase_auth] AndroidManifest.xml:10:18-89
66            android:directBootAware="true"
66-->[com.google.firebase:firebase-common:20.3.3] AndroidManifest.xml:34:13-43
67            android:exported="false" >
67-->[com.google.firebase:firebase-auth:22.1.0] AndroidManifest.xml:68:13-37
68            <meta-data
68-->[:firebase_auth] AndroidManifest.xml:11:13-13:85
69                android:name="com.google.firebase.components:io.flutter.plugins.firebase.auth.FlutterFirebaseAuthRegistrar"
69-->[:firebase_auth] AndroidManifest.xml:12:17-124
70                android:value="com.google.firebase.components.ComponentRegistrar" />
70-->[:firebase_auth] AndroidManifest.xml:13:17-82
71            <meta-data
71-->[:firebase_storage] AndroidManifest.xml:11:13-13:85
72                android:name="com.google.firebase.components:io.flutter.plugins.firebase.storage.FlutterFirebaseAppRegistrar"
72-->[:firebase_storage] AndroidManifest.xml:12:17-126
73                android:value="com.google.firebase.components.ComponentRegistrar" />
73-->[:firebase_storage] AndroidManifest.xml:13:17-82
74            <meta-data
74-->[:cloud_firestore] AndroidManifest.xml:11:13-13:85
75                android:name="com.google.firebase.components:io.flutter.plugins.firebase.firestore.FlutterFirebaseFirestoreRegistrar"
75-->[:cloud_firestore] AndroidManifest.xml:12:17-134
76                android:value="com.google.firebase.components.ComponentRegistrar" />
76-->[:cloud_firestore] AndroidManifest.xml:13:17-82
77            <meta-data
77-->[:firebase_messaging] AndroidManifest.xml:38:13-40:85
78                android:name="com.google.firebase.components:io.flutter.plugins.firebase.messaging.FlutterFirebaseAppRegistrar"
78-->[:firebase_messaging] AndroidManifest.xml:39:17-128
79                android:value="com.google.firebase.components.ComponentRegistrar" />
79-->[:firebase_messaging] AndroidManifest.xml:40:17-82
80            <meta-data
80-->[:firebase_core] AndroidManifest.xml:11:13-13:85
81                android:name="com.google.firebase.components:io.flutter.plugins.firebase.core.FlutterFirebaseCoreRegistrar"
81-->[:firebase_core] AndroidManifest.xml:12:17-124
82                android:value="com.google.firebase.components.ComponentRegistrar" />
82-->[:firebase_core] AndroidManifest.xml:13:17-82
83            <meta-data
83-->[com.google.firebase:firebase-auth:22.1.0] AndroidManifest.xml:69:13-71:85
84                android:name="com.google.firebase.components:com.google.firebase.auth.FirebaseAuthRegistrar"
84-->[com.google.firebase:firebase-auth:22.1.0] AndroidManifest.xml:70:17-109
85                android:value="com.google.firebase.components.ComponentRegistrar" />
85-->[com.google.firebase:firebase-auth:22.1.0] AndroidManifest.xml:71:17-82
86            <meta-data
86-->[com.google.firebase:firebase-iid:21.1.0] AndroidManifest.xml:32:13-34:85
87                android:name="com.google.firebase.components:com.google.firebase.iid.Registrar"
87-->[com.google.firebase:firebase-iid:21.1.0] AndroidManifest.xml:33:17-96
88                android:value="com.google.firebase.components.ComponentRegistrar" />
88-->[com.google.firebase:firebase-iid:21.1.0] AndroidManifest.xml:34:17-82
89            <meta-data
89-->[com.google.firebase:firebase-firestore:24.7.0] AndroidManifest.xml:19:13-21:85
90                android:name="com.google.firebase.components:com.google.firebase.firestore.FirestoreRegistrar"
90-->[com.google.firebase:firebase-firestore:24.7.0] AndroidManifest.xml:20:17-111
91                android:value="com.google.firebase.components.ComponentRegistrar" />
91-->[com.google.firebase:firebase-firestore:24.7.0] AndroidManifest.xml:21:17-82
92            <meta-data
92-->[com.google.firebase:firebase-messaging:23.2.0] AndroidManifest.xml:55:13-57:85
93                android:name="com.google.firebase.components:com.google.firebase.messaging.FirebaseMessagingRegistrar"
93-->[com.google.firebase:firebase-messaging:23.2.0] AndroidManifest.xml:56:17-119
94                android:value="com.google.firebase.components.ComponentRegistrar" />
94-->[com.google.firebase:firebase-messaging:23.2.0] AndroidManifest.xml:57:17-82
95            <meta-data
95-->[com.google.firebase:firebase-storage:20.2.1] AndroidManifest.xml:32:13-34:85
96                android:name="com.google.firebase.components:com.google.firebase.storage.StorageRegistrar"
96-->[com.google.firebase:firebase-storage:20.2.1] AndroidManifest.xml:33:17-107
97                android:value="com.google.firebase.components.ComponentRegistrar" />
97-->[com.google.firebase:firebase-storage:20.2.1] AndroidManifest.xml:34:17-82
98            <meta-data
98-->[com.google.firebase:firebase-installations:17.1.3] AndroidManifest.xml:17:13-19:85
99                android:name="com.google.firebase.components:com.google.firebase.installations.FirebaseInstallationsRegistrar"
99-->[com.google.firebase:firebase-installations:17.1.3] AndroidManifest.xml:18:17-127
100                android:value="com.google.firebase.components.ComponentRegistrar" />
100-->[com.google.firebase:firebase-installations:17.1.3] AndroidManifest.xml:19:17-82
101            <meta-data
101-->[com.google.firebase:firebase-datatransport:18.1.7] AndroidManifest.xml:27:13-29:85
102                android:name="com.google.firebase.components:com.google.firebase.datatransport.TransportRegistrar"
102-->[com.google.firebase:firebase-datatransport:18.1.7] AndroidManifest.xml:28:17-115
103                android:value="com.google.firebase.components.ComponentRegistrar" />
103-->[com.google.firebase:firebase-datatransport:18.1.7] AndroidManifest.xml:29:17-82
104        </service>
105        <service
105-->[:firebase_messaging] AndroidManifest.xml:16:9-19:72
106            android:name="io.flutter.plugins.firebase.messaging.FlutterFirebaseMessagingBackgroundService"
106-->[:firebase_messaging] AndroidManifest.xml:17:13-107
107            android:exported="false"
107-->[:firebase_messaging] AndroidManifest.xml:18:13-37
108            android:permission="android.permission.BIND_JOB_SERVICE" />
108-->[:firebase_messaging] AndroidManifest.xml:19:13-69
109        <service
109-->[:firebase_messaging] AndroidManifest.xml:20:9-26:19
110            android:name="io.flutter.plugins.firebase.messaging.FlutterFirebaseMessagingService"
110-->[:firebase_messaging] AndroidManifest.xml:21:13-97
111            android:exported="false" >
111-->[:firebase_messaging] AndroidManifest.xml:22:13-37
112            <intent-filter>
112-->[:firebase_messaging] AndroidManifest.xml:23:13-25:29
113                <action android:name="com.google.firebase.MESSAGING_EVENT" />
113-->[:firebase_messaging] AndroidManifest.xml:24:17-78
113-->[:firebase_messaging] AndroidManifest.xml:24:25-75
114            </intent-filter>
115        </service>
116
117        <receiver
117-->[:firebase_messaging] AndroidManifest.xml:28:9-35:20
118            android:name="io.flutter.plugins.firebase.messaging.FlutterFirebaseMessagingReceiver"
118-->[:firebase_messaging] AndroidManifest.xml:29:13-98
119            android:exported="true"
119-->[:firebase_messaging] AndroidManifest.xml:30:13-36
120            android:permission="com.google.android.c2dm.permission.SEND" >
120-->[:firebase_messaging] AndroidManifest.xml:31:13-73
121            <intent-filter>
121-->[:firebase_messaging] AndroidManifest.xml:32:13-34:29
122                <action android:name="com.google.android.c2dm.intent.RECEIVE" />
122-->[:firebase_messaging] AndroidManifest.xml:33:17-81
122-->[:firebase_messaging] AndroidManifest.xml:33:25-78
123            </intent-filter>
124        </receiver>
125
126        <provider
126-->[:firebase_messaging] AndroidManifest.xml:43:9-47:38
127            android:name="io.flutter.plugins.firebase.messaging.FlutterFirebaseMessagingInitProvider"
127-->[:firebase_messaging] AndroidManifest.xml:44:13-102
128            android:authorities="com.example.fahisapp.flutterfirebasemessaginginitprovider"
128-->[:firebase_messaging] AndroidManifest.xml:45:13-88
129            android:exported="false"
129-->[:firebase_messaging] AndroidManifest.xml:46:13-37
130            android:initOrder="99" />
130-->[:firebase_messaging] AndroidManifest.xml:47:13-35
131
132        <receiver
132-->[:flutter_local_notifications] AndroidManifest.xml:16:9-18:40
133            android:name="com.dexterous.flutterlocalnotifications.ActionBroadcastReceiver"
133-->[:flutter_local_notifications] AndroidManifest.xml:17:13-91
134            android:exported="false" />
134-->[:flutter_local_notifications] AndroidManifest.xml:18:13-37
135        <receiver
135-->[:flutter_local_notifications] AndroidManifest.xml:19:9-21:40
136            android:name="com.dexterous.flutterlocalnotifications.ScheduledNotificationReceiver"
136-->[:flutter_local_notifications] AndroidManifest.xml:20:13-97
137            android:exported="false" />
137-->[:flutter_local_notifications] AndroidManifest.xml:21:13-37
138        <receiver
138-->[:flutter_local_notifications] AndroidManifest.xml:22:9-31:20
139            android:name="com.dexterous.flutterlocalnotifications.ScheduledNotificationBootReceiver"
139-->[:flutter_local_notifications] AndroidManifest.xml:23:13-101
140            android:exported="false" >
140-->[:flutter_local_notifications] AndroidManifest.xml:24:13-37
141            <intent-filter>
141-->[:flutter_local_notifications] AndroidManifest.xml:25:13-30:29
142                <action android:name="android.intent.action.BOOT_COMPLETED" />
142-->[:flutter_local_notifications] AndroidManifest.xml:26:17-79
142-->[:flutter_local_notifications] AndroidManifest.xml:26:25-76
143                <action android:name="android.intent.action.MY_PACKAGE_REPLACED" />
143-->[:flutter_local_notifications] AndroidManifest.xml:27:17-84
143-->[:flutter_local_notifications] AndroidManifest.xml:27:25-81
144                <action android:name="android.intent.action.QUICKBOOT_POWERON" />
144-->[:flutter_local_notifications] AndroidManifest.xml:28:17-82
144-->[:flutter_local_notifications] AndroidManifest.xml:28:25-79
145                <action android:name="com.htc.intent.action.QUICKBOOT_POWERON" />
145-->[:flutter_local_notifications] AndroidManifest.xml:29:17-82
145-->[:flutter_local_notifications] AndroidManifest.xml:29:25-79
146            </intent-filter>
147        </receiver>
148
149        <activity
149-->[com.google.firebase:firebase-auth:22.1.0] AndroidManifest.xml:29:9-46:20
150            android:name="com.google.firebase.auth.internal.GenericIdpActivity"
150-->[com.google.firebase:firebase-auth:22.1.0] AndroidManifest.xml:30:13-80
151            android:excludeFromRecents="true"
151-->[com.google.firebase:firebase-auth:22.1.0] AndroidManifest.xml:31:13-46
152            android:exported="true"
152-->[com.google.firebase:firebase-auth:22.1.0] AndroidManifest.xml:32:13-36
153            android:launchMode="singleTask"
153-->[com.google.firebase:firebase-auth:22.1.0] AndroidManifest.xml:33:13-44
154            android:theme="@android:style/Theme.Translucent.NoTitleBar" >
154-->[com.google.firebase:firebase-auth:22.1.0] AndroidManifest.xml:34:13-72
155            <intent-filter>
155-->[com.google.firebase:firebase-auth:22.1.0] AndroidManifest.xml:35:13-45:29
156                <action android:name="android.intent.action.VIEW" />
156-->[com.google.firebase:firebase-auth:22.1.0] AndroidManifest.xml:36:17-69
156-->[com.google.firebase:firebase-auth:22.1.0] AndroidManifest.xml:36:25-66
157
158                <category android:name="android.intent.category.DEFAULT" />
158-->[com.google.firebase:firebase-auth:22.1.0] AndroidManifest.xml:38:17-76
158-->[com.google.firebase:firebase-auth:22.1.0] AndroidManifest.xml:38:27-73
159                <category android:name="android.intent.category.BROWSABLE" />
159-->[com.google.firebase:firebase-auth:22.1.0] AndroidManifest.xml:39:17-78
159-->[com.google.firebase:firebase-auth:22.1.0] AndroidManifest.xml:39:27-75
160
161                <data
161-->[com.google.firebase:firebase-auth:22.1.0] AndroidManifest.xml:41:17-44:51
162                    android:host="firebase.auth"
162-->[com.google.firebase:firebase-auth:22.1.0] AndroidManifest.xml:42:21-49
163                    android:path="/"
163-->[com.google.firebase:firebase-auth:22.1.0] AndroidManifest.xml:43:21-37
164                    android:scheme="genericidp" />
164-->[com.google.firebase:firebase-auth:22.1.0] AndroidManifest.xml:44:21-48
165            </intent-filter>
166        </activity>
167        <activity
167-->[com.google.firebase:firebase-auth:22.1.0] AndroidManifest.xml:47:9-64:20
168            android:name="com.google.firebase.auth.internal.RecaptchaActivity"
168-->[com.google.firebase:firebase-auth:22.1.0] AndroidManifest.xml:48:13-79
169            android:excludeFromRecents="true"
169-->[com.google.firebase:firebase-auth:22.1.0] AndroidManifest.xml:49:13-46
170            android:exported="true"
170-->[com.google.firebase:firebase-auth:22.1.0] AndroidManifest.xml:50:13-36
171            android:launchMode="singleTask"
171-->[com.google.firebase:firebase-auth:22.1.0] AndroidManifest.xml:51:13-44
172            android:theme="@android:style/Theme.Translucent.NoTitleBar" >
172-->[com.google.firebase:firebase-auth:22.1.0] AndroidManifest.xml:52:13-72
173            <intent-filter>
173-->[com.google.firebase:firebase-auth:22.1.0] AndroidManifest.xml:53:13-63:29
174                <action android:name="android.intent.action.VIEW" />
174-->[com.google.firebase:firebase-auth:22.1.0] AndroidManifest.xml:36:17-69
174-->[com.google.firebase:firebase-auth:22.1.0] AndroidManifest.xml:36:25-66
175
176                <category android:name="android.intent.category.DEFAULT" />
176-->[com.google.firebase:firebase-auth:22.1.0] AndroidManifest.xml:38:17-76
176-->[com.google.firebase:firebase-auth:22.1.0] AndroidManifest.xml:38:27-73
177                <category android:name="android.intent.category.BROWSABLE" />
177-->[com.google.firebase:firebase-auth:22.1.0] AndroidManifest.xml:39:17-78
177-->[com.google.firebase:firebase-auth:22.1.0] AndroidManifest.xml:39:27-75
178
179                <data
179-->[com.google.firebase:firebase-auth:22.1.0] AndroidManifest.xml:41:17-44:51
180                    android:host="firebase.auth"
180-->[com.google.firebase:firebase-auth:22.1.0] AndroidManifest.xml:42:21-49
181                    android:path="/"
181-->[com.google.firebase:firebase-auth:22.1.0] AndroidManifest.xml:43:21-37
182                    android:scheme="recaptcha" />
182-->[com.google.firebase:firebase-auth:22.1.0] AndroidManifest.xml:44:21-48
183            </intent-filter>
184        </activity>
185
186        <uses-library
186-->[androidx.window:window:1.0.0-beta04] AndroidManifest.xml:25:9-27:40
187            android:name="androidx.window.extensions"
187-->[androidx.window:window:1.0.0-beta04] AndroidManifest.xml:26:13-54
188            android:required="false" />
188-->[androidx.window:window:1.0.0-beta04] AndroidManifest.xml:27:13-37
189        <uses-library
189-->[androidx.window:window:1.0.0-beta04] AndroidManifest.xml:28:9-30:40
190            android:name="androidx.window.sidecar"
190-->[androidx.window:window:1.0.0-beta04] AndroidManifest.xml:29:13-51
191            android:required="false" />
191-->[androidx.window:window:1.0.0-beta04] AndroidManifest.xml:30:13-37
192
193        <receiver
193-->[com.google.firebase:firebase-messaging:23.2.0] AndroidManifest.xml:31:9-38:20
194            android:name="com.google.firebase.iid.FirebaseInstanceIdReceiver"
194-->[com.google.firebase:firebase-messaging:23.2.0] AndroidManifest.xml:32:13-78
195            android:exported="true"
195-->[com.google.firebase:firebase-messaging:23.2.0] AndroidManifest.xml:33:13-36
196            android:permission="com.google.android.c2dm.permission.SEND" >
196-->[com.google.firebase:firebase-messaging:23.2.0] AndroidManifest.xml:34:13-73
197            <intent-filter>
197-->[:firebase_messaging] AndroidManifest.xml:32:13-34:29
198                <action android:name="com.google.android.c2dm.intent.RECEIVE" />
198-->[:firebase_messaging] AndroidManifest.xml:33:17-81
198-->[:firebase_messaging] AndroidManifest.xml:33:25-78
199            </intent-filter>
200        </receiver>
201        <!--
202             FirebaseMessagingService performs security checks at runtime,
203             but set to not exported to explicitly avoid allowing another app to call it.
204        -->
205        <service
205-->[com.google.firebase:firebase-messaging:23.2.0] AndroidManifest.xml:44:9-51:19
206            android:name="com.google.firebase.messaging.FirebaseMessagingService"
206-->[com.google.firebase:firebase-messaging:23.2.0] AndroidManifest.xml:45:13-82
207            android:directBootAware="true"
207-->[com.google.firebase:firebase-messaging:23.2.0] AndroidManifest.xml:46:13-43
208            android:exported="false" >
208-->[com.google.firebase:firebase-messaging:23.2.0] AndroidManifest.xml:47:13-37
209            <intent-filter android:priority="-500" >
209-->[:firebase_messaging] AndroidManifest.xml:23:13-25:29
210                <action android:name="com.google.firebase.MESSAGING_EVENT" />
210-->[:firebase_messaging] AndroidManifest.xml:24:17-78
210-->[:firebase_messaging] AndroidManifest.xml:24:25-75
211            </intent-filter>
212        </service>
213
214        <provider
214-->[com.google.firebase:firebase-common:20.3.3] AndroidManifest.xml:25:9-30:39
215            android:name="com.google.firebase.provider.FirebaseInitProvider"
215-->[com.google.firebase:firebase-common:20.3.3] AndroidManifest.xml:26:13-77
216            android:authorities="com.example.fahisapp.firebaseinitprovider"
216-->[com.google.firebase:firebase-common:20.3.3] AndroidManifest.xml:27:13-72
217            android:directBootAware="true"
217-->[com.google.firebase:firebase-common:20.3.3] AndroidManifest.xml:28:13-43
218            android:exported="false"
218-->[com.google.firebase:firebase-common:20.3.3] AndroidManifest.xml:29:13-37
219            android:initOrder="100" />
219-->[com.google.firebase:firebase-common:20.3.3] AndroidManifest.xml:30:13-36
220
221        <activity
221-->[com.google.android.gms:play-services-base:18.0.1] AndroidManifest.xml:20:9-22:45
222            android:name="com.google.android.gms.common.api.GoogleApiActivity"
222-->[com.google.android.gms:play-services-base:18.0.1] AndroidManifest.xml:20:19-85
223            android:exported="false"
223-->[com.google.android.gms:play-services-base:18.0.1] AndroidManifest.xml:22:19-43
224            android:theme="@android:style/Theme.Translucent.NoTitleBar" />
224-->[com.google.android.gms:play-services-base:18.0.1] AndroidManifest.xml:21:19-78
225
226        <meta-data
226-->[com.google.android.gms:play-services-basement:18.1.0] AndroidManifest.xml:21:9-23:69
227            android:name="com.google.android.gms.version"
227-->[com.google.android.gms:play-services-basement:18.1.0] AndroidManifest.xml:22:13-58
228            android:value="@integer/google_play_services_version" />
228-->[com.google.android.gms:play-services-basement:18.1.0] AndroidManifest.xml:23:13-66
229
230        <service
230-->[com.google.android.datatransport:transport-backend-cct:3.1.8] AndroidManifest.xml:28:9-34:19
231            android:name="com.google.android.datatransport.runtime.backends.TransportBackendDiscovery"
231-->[com.google.android.datatransport:transport-backend-cct:3.1.8] AndroidManifest.xml:29:13-103
232            android:exported="false" >
232-->[com.google.android.datatransport:transport-backend-cct:3.1.8] AndroidManifest.xml:30:13-37
233            <meta-data
233-->[com.google.android.datatransport:transport-backend-cct:3.1.8] AndroidManifest.xml:31:13-33:39
234                android:name="backend:com.google.android.datatransport.cct.CctBackendFactory"
234-->[com.google.android.datatransport:transport-backend-cct:3.1.8] AndroidManifest.xml:32:17-94
235                android:value="cct" />
235-->[com.google.android.datatransport:transport-backend-cct:3.1.8] AndroidManifest.xml:33:17-36
236        </service>
237        <service
237-->[com.google.android.datatransport:transport-runtime:3.1.8] AndroidManifest.xml:26:9-30:19
238            android:name="com.google.android.datatransport.runtime.scheduling.jobscheduling.JobInfoSchedulerService"
238-->[com.google.android.datatransport:transport-runtime:3.1.8] AndroidManifest.xml:27:13-117
239            android:exported="false"
239-->[com.google.android.datatransport:transport-runtime:3.1.8] AndroidManifest.xml:28:13-37
240            android:permission="android.permission.BIND_JOB_SERVICE" >
240-->[com.google.android.datatransport:transport-runtime:3.1.8] AndroidManifest.xml:29:13-69
241        </service>
242
243        <receiver
243-->[com.google.android.datatransport:transport-runtime:3.1.8] AndroidManifest.xml:32:9-34:40
244            android:name="com.google.android.datatransport.runtime.scheduling.jobscheduling.AlarmManagerSchedulerBroadcastReceiver"
244-->[com.google.android.datatransport:transport-runtime:3.1.8] AndroidManifest.xml:33:13-132
245            android:exported="false" />
245-->[com.google.android.datatransport:transport-runtime:3.1.8] AndroidManifest.xml:34:13-37
246    </application>
247
248</manifest>